c:\users\hunter\desktop\csce 315\lab projects\db_sys\db_sys\app\debug\vc141.pdb
c:\users\hunter\desktop\csce 315\lab projects\db_sys\db_sys\app\debug\vc141.idb
c:\users\hunter\desktop\csce 315\lab projects\db_sys\db_sys\app\debug\app.obj
c:\users\hunter\desktop\csce315-ta1-team21\csce315-ta1-team21\db_sys\app\debug\vc141.pdb
c:\users\hunter\desktop\csce315-ta1-team21\csce315-ta1-team21\db_sys\app\debug\vc141.idb
c:\users\hunter\desktop\csce315-ta1-team21\csce315-ta1-team21\db_sys\app\debug\app.obj
c:\users\hunter\desktop\csce 315\lab projects\db_sys\db_sys\debug\app.exe
c:\users\hunter\desktop\csce 315\lab projects\db_sys\db_sys\debug\app.ilk
c:\users\hunter\desktop\csce 315\lab projects\db_sys\db_sys\debug\app.pdb
c:\users\hunter\desktop\csce315-ta1-team21\csce315-ta1-team21\db_sys\debug\app.exe
c:\users\hunter\desktop\csce315-ta1-team21\csce315-ta1-team21\db_sys\debug\app.ilk
c:\users\hunter\desktop\csce315-ta1-team21\csce315-ta1-team21\db_sys\debug\app.pdb
c:\users\camer\desktop\csce315\project 1\db_sys\app\debug\app.obj
c:\users\camer\desktop\csce315\project 1\db_sys\app\debug\vc141.idb
c:\users\camer\desktop\csce315\project 1\db_sys\app\debug\vc141.pdb
c:\users\camer\desktop\csce315\project 1\db_sys\debug\app.pdb
c:\users\camer\desktop\csce315\project 1\db_sys\debug\app.exe
c:\users\camer\desktop\csce315\project 1\db_sys\debug\app.ilk
c:\users\camer\desktop\csce315\project 1\db_sys\app\debug\app.tlog\cl.command.1.tlog
c:\users\camer\desktop\csce315\project 1\db_sys\app\debug\app.tlog\cl.read.1.tlog
c:\users\camer\desktop\csce315\project 1\db_sys\app\debug\app.tlog\cl.write.1.tlog
c:\users\camer\desktop\csce315\project 1\db_sys\app\debug\app.tlog\link.command.1.tlog
c:\users\camer\desktop\csce315\project 1\db_sys\app\debug\app.tlog\link.read.1.tlog
c:\users\camer\desktop\csce315\project 1\db_sys\app\debug\app.tlog\link.write.1.tlog
